<?xml version="1.0" encoding="UTF-8"?>
<!-- Generated by org.testng.reporters.JUnitReportReporter -->
<testsuite hostname="Dileep" failures="0" tests="1" name="DriverFactory.AppTest" time="19.785" errors="0" timestamp="30 Jan 2022 12:49:59 GMT">
  <testcase classname="DriverFactory.AppTest" name="KickStart" time="19.785"/>
</testsuite> <!-- DriverFactory.AppTest -->
