<?xml version="1.0" encoding="UTF-8"?>
<!-- Generated by org.testng.reporters.JUnitReportReporter -->
<testsuite hostname="Dileep" failures="0" tests="1" name="DriverFactory.AppTest" time="46.004" errors="0" timestamp="30 Jan 2022 15:54:23 GMT">
  <testcase classname="DriverFactory.AppTest" name="KickStart" time="46.004"/>
</testsuite> <!-- DriverFactory.AppTest -->
