<?xml version="1.0" encoding="UTF-8"?>
<!-- Generated by org.testng.reporters.JUnitReportReporter -->
<testsuite hostname="Dileep" failures="0" tests="1" name="DriverFactory.AppTest" time="133.389" errors="0" timestamp="1 Feb 2022 13:05:25 GMT">
  <testcase classname="DriverFactory.AppTest" name="KickStart" time="133.389"/>
</testsuite> <!-- DriverFactory.AppTest -->
